


ARM Macro Assembler    Page 1 


    1 00000000         ;
    2 00000000         ; CS1022 Introduction to Computing II 2018/2019
    3 00000000         ; Lab 1 - Array Move
    4 00000000         ;
    5 00000000         
    6 00000000 00000010 
                       N       EQU              16          ; number of element
                                                            s
    7 00000000         
    8 00000000                 AREA             globals, DATA, READWRITE
    9 00000000         
   10 00000000         ; N word-size values
   11 00000000         
   12 00000000 00 00 00 
              00 00 00 
              00 00 00 
              00 00 00 
              00 00 00 
              00 00 00 
              00 00 00 
              00 00 00 
              00 00 00 
              00 00 00 
              00 00 00 
              00 00 00 
              00 00 00 
              00 00 00 
              00 00 00 
              00 00 00 
              00 00 00 
              00 00 00 
              00 00 00 
              00 00 00 
              00 00 00 
              00       ARRAY   SPACE            N*4         ; N words
   13 00000040         
   14 00000040         
   15 00000040                 AREA             RESET, CODE, READONLY
   16 00000000                 ENTRY
   17 00000000         
   18 00000000         ; for convenience, let's initialise test array [0, 1, 2,
                        ... , N-1]
   19 00000000         
   20 00000000 E59F0084        LDR              R0, =ARRAY
   21 00000004 E3A01000        LDR              R1, =0
   22 00000008 E3510010 
                       L1      CMP              R1, #N
   23 0000000C 2A000002        BHS              L2
   24 00000010 E7801101        STR              R1, [R0, R1, LSL #2]
   25 00000014 E2811001        ADD              R1, R1, #1
   26 00000018 EAFFFFFA        B                L1
   27 0000001C         L2
   28 0000001C         
   29 0000001C         ; initialise registers for your program
   30 0000001C         
   31 0000001C E59F0068        LDR              R0, =ARRAY
   32 00000020 E3A01003        LDR              R1, =3      ; n starting index
   33 00000024 E3A02009        LDR              R2, =9      ; m destination ind
                                                            ex



ARM Macro Assembler    Page 2 


   34 00000028 E3A03010        LDR              R3, =N
   35 0000002C         
   36 0000002C         ; your program goes here
   37 0000002C E7904101        LDR              R4, [R0,R1,LSL #2] ; R4 = A[n]
   38 00000030 E1510002        CMP              R1, R2      ; Which way do we m
                                                            ove
   39 00000034 3A000009        BLO              MoveRight   ; moving from left 
                                                            to right
   40 00000038 E1A05001        MOV              R5, R1      ; r5 = n
   41 0000003C E2455001        SUB              R5, R5, #1  ; pointing to A[n-1
                                                            ]
   42 00000040 E1550002 
                       Fori    CMP              R5, R2      ; for(i=n-1;i>=m;i-
                                                            -)
   43 00000044 3A000004        BLO              eFori
   44 00000048 E7906105        LDR              R6, [R0,R5,LSL #2] ; load A[i]
   45 0000004C E2855001        ADD              R5, R5, #1  ;
   46 00000050 E7806105        STR              R6, [R0,R5,LSL #2] 
                                                            ; store at A[i+1]
   47 00000054 E2455002        SUB              R5, R5, #2  ; i--
   48 00000058 EAFFFFF8        B                Fori
   49 0000005C EA000008 
                       eFori   B                Finish
   50 00000060         MoveRight
   51 00000060 E1A05001        MOV              R5, R1      ; r5 = n
   52 00000064 E2855001        ADD              R5, R5, #1  ; Pointing to A[n+1
                                                            ]
   53 00000068 E1550002 
                       Forj    CMP              R5, R2      ; for(j=n+1;j<=m;j+
                                                            +)
   54 0000006C 8A000004        BHI              eForj
   55 00000070 E7906105        LDR              R6, [R0,R5,LSL #2] ; load A[j]
   56 00000074 E2455001        SUB              R5, R5, #1
   57 00000078 E7806105        STR              R6, [R0,R5,LSL #2] 
                                                            ; store at A[j-1]
   58 0000007C E2855002        ADD              R5, R5, #2  ; j++
   59 00000080 EAFFFFF8        B                Forj
   60 00000084         eForj
   61 00000084         Finish                               ; End of the algori
                                                            thm
   62 00000084 E7804102        STR              R4, [R0,R2,LSL#2] ; A[m] = A[n]
                                                            
   63 00000088 EAFFFFFE 
                       STOP    B                STOP
   64 0000008C         
   65 0000008C                 END
              00000000 
Command Line: --debug --xref --diag_suppress=9931 --apcs=interwork --depend=.\o
bjects\lab1-array-move.d -o.\objects\lab1-array-move.o -IC:\Keil_v5\ARM\RV31\IN
C -IC:\Keil_v5\ARM\CMSIS\Include -IC:\Keil_v5\ARM\INC\Philips --predefine="__EV
AL SETA 1" --predefine="__UVISION_VERSION SETA 526" --list=.\listings\lab1-arra
y-move.lst lab1-array-move.s



ARM Macro Assembler    Page 1 Alphabetic symbol ordering
Relocatable symbols

ARRAY 00000000

Symbol: ARRAY
   Definitions
      At line 12 in file lab1-array-move.s
   Uses
      At line 20 in file lab1-array-move.s
      At line 31 in file lab1-array-move.s

globals 00000000

Symbol: globals
   Definitions
      At line 8 in file lab1-array-move.s
   Uses
      None
Comment: globals unused
2 symbols



ARM Macro Assembler    Page 1 Alphabetic symbol ordering
Relocatable symbols

Finish 00000084

Symbol: Finish
   Definitions
      At line 61 in file lab1-array-move.s
   Uses
      At line 49 in file lab1-array-move.s
Comment: Finish used once
Fori 00000040

Symbol: Fori
   Definitions
      At line 42 in file lab1-array-move.s
   Uses
      At line 48 in file lab1-array-move.s
Comment: Fori used once
Forj 00000068

Symbol: Forj
   Definitions
      At line 53 in file lab1-array-move.s
   Uses
      At line 59 in file lab1-array-move.s
Comment: Forj used once
L1 00000008

Symbol: L1
   Definitions
      At line 22 in file lab1-array-move.s
   Uses
      At line 26 in file lab1-array-move.s
Comment: L1 used once
L2 0000001C

Symbol: L2
   Definitions
      At line 27 in file lab1-array-move.s
   Uses
      At line 23 in file lab1-array-move.s
Comment: L2 used once
MoveRight 00000060

Symbol: MoveRight
   Definitions
      At line 50 in file lab1-array-move.s
   Uses
      At line 39 in file lab1-array-move.s
Comment: MoveRight used once
RESET 00000000

Symbol: RESET
   Definitions
      At line 15 in file lab1-array-move.s
   Uses
      None
Comment: RESET unused
STOP 00000088

Symbol: STOP



ARM Macro Assembler    Page 2 Alphabetic symbol ordering
Relocatable symbols

   Definitions
      At line 63 in file lab1-array-move.s
   Uses
      At line 63 in file lab1-array-move.s
Comment: STOP used once
eFori 0000005C

Symbol: eFori
   Definitions
      At line 49 in file lab1-array-move.s
   Uses
      At line 43 in file lab1-array-move.s
Comment: eFori used once
eForj 00000084

Symbol: eForj
   Definitions
      At line 60 in file lab1-array-move.s
   Uses
      At line 54 in file lab1-array-move.s
Comment: eForj used once
10 symbols



ARM Macro Assembler    Page 1 Alphabetic symbol ordering
Absolute symbols

N 00000010

Symbol: N
   Definitions
      At line 6 in file lab1-array-move.s
   Uses
      At line 12 in file lab1-array-move.s
      At line 22 in file lab1-array-move.s
      At line 34 in file lab1-array-move.s

1 symbol
347 symbols in table
