


ARM Macro Assembler    Page 1 


    1 00000000         ;
    2 00000000         ; CS1022 Introduction to Computing II 2018/2019
    3 00000000         ; Lab 2 - Recursion
    4 00000000         ;
    5 00000000         
    6 00000000 0000000A 
                       N       EQU              10
    7 00000000         
    8 00000000                 AREA             globals, DATA, READWRITE
    9 00000000         
   10 00000000         ; N word-size values
   11 00000000         
   12 00000000 00 00 00 
              00 00 00 
              00 00 00 
              00 00 00 
              00 00 00 
              00 00 00 
              00 00 00 
              00 00 00 
              00 00 00 
              00 00 00 
              00 00 00 
              00 00 00 
              00 00 00 
              00       SORTED  SPACE            N*4         ; N words (4 bytes 
                                                            each)
   13 00000028         
   14 00000028         
   15 00000028                 AREA             RESET, CODE, READONLY
   16 00000000                 ENTRY
   17 00000000         
   18 00000000         ;
   19 00000000         ; copy the test data into RAM
   20 00000000         ;
   21 00000000         
   22 00000000 E59F40C4        LDR              R4, =SORTED
   23 00000004 E59F50C4        LDR              R5, =UNSORT
   24 00000008 E3A06000        LDR              R6, =0
   25 0000000C E356000A 
                       whInit  CMP              R6, #N
   26 00000010 2A000003        BHS              eWhInit
   27 00000014 E7957106        LDR              R7, [R5, R6, LSL #2]
   28 00000018 E7847106        STR              R7, [R4, R6, LSL #2]
   29 0000001C E2866001        ADD              R6, R6, #1
   30 00000020 EAFFFFF9        B                whInit
   31 00000024         eWhInit
   32 00000024         
   33 00000024         
   34 00000024         ;
   35 00000024         ; call your sort subroutine to test it
   36 00000024         ;
   37 00000024         
   38 00000024 E59F00A0        LDR              R0, =SORTED
   39 00000028 E3A0100A        LDR              R1, =N
   40 0000002C EB000006        BL               sort
   41 00000030         
   42 00000030 EAFFFFFE 
                       STOP    B                STOP



ARM Macro Assembler    Page 2 


   43 00000034         
   44 00000034         
   45 00000034         ; Subroutine swap (Takes an array with 2 positional argu
                       ments and swaps the elements at those locations)
   46 00000034         ; Parameters:
   47 00000034         ;  R0 = Start address of 1D array (of words)
   48 00000034         ;  R1 = Position i
   49 00000034         ;  R2 = Position j
   50 00000034         swap
   51 00000034 E92D4010        STMFD            SP!, {R4, LR}
   52 00000038 E7903101        LDR              R3, [R0, R1, LSL #2]
   53 0000003C E7904102        LDR              R4, [R0, R2, LSL #2]
   54 00000040 E7803102        STR              R3, [R0, R2, LSL #2]
   55 00000044 E7804101        STR              R4, [R0, R1, LSL #2]
   56 00000048 E8BD8010        LDMFD            SP!, {R4, PC}
   57 0000004C         
   58 0000004C         ; Subroutine sort (Takes an array and its length, sortin
                       g it from lowest to highest)
   59 0000004C         ; Parameters:
   60 0000004C         ; R0 = Start address of 1D array (words)
   61 0000004C         ; R1 = N = Length of array
   62 0000004C         sort
   63 0000004C E92D4030        STMFD            SP!, {R4-R5, LR}
   64 00000050         sort1
   65 00000050 E3A02000        LDR              R2, =0      ; R2 = Boolean swap
                                                            ped
   66 00000054 E3A03000        LDR              R3, =0      ; R3 = Index
   67 00000058         sort2
   68 00000058 E2833001        ADD              R3, R3, #1
   69 0000005C E1530001        CMP              R3, R1
   70 00000060 2A00000C        BHS              sort0
   71 00000064 E2433001        SUB              R3, R3, #1
   72 00000068 E7904103        LDR              R4, [R0, R3, LSL #2]
   73 0000006C E2833001        ADD              R3, R3, #1
   74 00000070 E7905103        LDR              R5, [R0, R3, LSL #2]
   75 00000074 E1540005        CMP              R4, R5
   76 00000078 9AFFFFF6        BLS              sort2
   77 0000007C E92D000E        STMFD            SP!, {R1-R3}
   78 00000080 E1A01003        MOV              R1, R3
   79 00000084 E2432001        SUB              R2, R3, #1
   80 00000088 EBFFFFE9        BL               swap
   81 0000008C E8BD000E        LDMFD            SP!, {R1-R3}
   82 00000090 E3A02001        LDR              R2, =1
   83 00000094 EAFFFFEF        B                sort2
   84 00000098         sort0
   85 00000098 E3520001        CMP              R2, #1
   86 0000009C 0AFFFFEB        BEQ              sort1
   87 000000A0 E8BD8030        LDMFD            SP!, {R4-R5, PC}
   88 000000A4         
   89 000000A4         
   90 000000A4 00000009 
              00000003 
              00000000 
              00000001 
              00000006 
              00000002 
              00000004 
              00000007 
              00000008 



ARM Macro Assembler    Page 3 


              00000005 UNSORT  DCD              9,3,0,1,6,2,4,7,8,5
   91 000000CC         
   92 000000CC                 END
              00000000 
              00000000 
Command Line: --debug --xref --diag_suppress=9931 --apcs=interwork --depend=.\o
bjects\lab2-recursion.d -o.\objects\lab2-recursion.o -IC:\Keil_v5\ARM\RV31\INC 
-IC:\Keil_v5\ARM\CMSIS\Include -IC:\Keil_v5\ARM\INC\Philips --predefine="__EVAL
 SETA 1" --predefine="__UVISION_VERSION SETA 526" --list=.\listings\lab2-recurs
ion.lst lab2-recursion.s



ARM Macro Assembler    Page 1 Alphabetic symbol ordering
Relocatable symbols

SORTED 00000000

Symbol: SORTED
   Definitions
      At line 12 in file lab2-recursion.s
   Uses
      At line 22 in file lab2-recursion.s
      At line 38 in file lab2-recursion.s

globals 00000000

Symbol: globals
   Definitions
      At line 8 in file lab2-recursion.s
   Uses
      None
Comment: globals unused
2 symbols



ARM Macro Assembler    Page 1 Alphabetic symbol ordering
Relocatable symbols

RESET 00000000

Symbol: RESET
   Definitions
      At line 15 in file lab2-recursion.s
   Uses
      None
Comment: RESET unused
STOP 00000030

Symbol: STOP
   Definitions
      At line 42 in file lab2-recursion.s
   Uses
      At line 42 in file lab2-recursion.s
Comment: STOP used once
UNSORT 000000A4

Symbol: UNSORT
   Definitions
      At line 90 in file lab2-recursion.s
   Uses
      At line 23 in file lab2-recursion.s
Comment: UNSORT used once
eWhInit 00000024

Symbol: eWhInit
   Definitions
      At line 31 in file lab2-recursion.s
   Uses
      At line 26 in file lab2-recursion.s
Comment: eWhInit used once
sort 0000004C

Symbol: sort
   Definitions
      At line 62 in file lab2-recursion.s
   Uses
      At line 40 in file lab2-recursion.s
Comment: sort used once
sort0 00000098

Symbol: sort0
   Definitions
      At line 84 in file lab2-recursion.s
   Uses
      At line 70 in file lab2-recursion.s
Comment: sort0 used once
sort1 00000050

Symbol: sort1
   Definitions
      At line 64 in file lab2-recursion.s
   Uses
      At line 86 in file lab2-recursion.s
Comment: sort1 used once
sort2 00000058

Symbol: sort2



ARM Macro Assembler    Page 2 Alphabetic symbol ordering
Relocatable symbols

   Definitions
      At line 67 in file lab2-recursion.s
   Uses
      At line 76 in file lab2-recursion.s
      At line 83 in file lab2-recursion.s

swap 00000034

Symbol: swap
   Definitions
      At line 50 in file lab2-recursion.s
   Uses
      At line 80 in file lab2-recursion.s
Comment: swap used once
whInit 0000000C

Symbol: whInit
   Definitions
      At line 25 in file lab2-recursion.s
   Uses
      At line 30 in file lab2-recursion.s
Comment: whInit used once
10 symbols



ARM Macro Assembler    Page 1 Alphabetic symbol ordering
Absolute symbols

N 0000000A

Symbol: N
   Definitions
      At line 6 in file lab2-recursion.s
   Uses
      At line 12 in file lab2-recursion.s
      At line 25 in file lab2-recursion.s
      At line 39 in file lab2-recursion.s

1 symbol
347 symbols in table
