


ARM Macro Assembler    Page 1 


    1 00000000         ;
    2 00000000         ; CS1021 2018/2019 Lab 3
    3 00000000         ; 
    4 00000000         
    5 00000000                 AREA             RESET, CODE, READONLY
    6 00000000                 ENTRY
    7 00000000         
    8 00000000         ;
    9 00000000         ;  Question 1 (i) (0x8 or 8)
   10 00000000         ;
   11 00000000 E3A00018        LDR              R0, =24     ; a = 24
   12 00000004 E3A01020        LDR              R1, =32     ; b = 32
   13 00000008 E1500001 
                       L2      CMP              R0, R1      ; a != b
   14 0000000C 0A000005        BEQ              EN1         ; if a = b then END
                                                            
   15 00000010 E1500001        CMP              R0, R1      ; a != b
   16 00000014 DA000001        BLE              L1          ; a < b then branch
                                                             to L1
   17 00000018 E0400001        SUB              R0, R0, R1  ; a = a - b
   18 0000001C EAFFFFF9        B                L2          ; Branch to L2
   19 00000020 E0411000 
                       L1      SUB              R1, R1, R0  ; b = b - a
   20 00000024 EAFFFFF7        B                L2          ; Branch to L2
   21 00000028         EN1
   22 00000028         
   23 00000028         ;
   24 00000028         ;  Question 1 (ii) (0x17 or 23)
   25 00000028         ;
   26 00000028 E59F018C        LDR              R0, =2415   ; a = 2415
   27 0000002C E59F118C        LDR              R1, =3289   ; b = 3289
   28 00000030 E1500001 
                       L4      CMP              R0, R1      ; a != b
   29 00000034 0A000005        BEQ              EN2         ; if a = b then END
                                                            
   30 00000038 E1500001        CMP              R0, R1      ; a != b
   31 0000003C DA000001        BLE              L3          ; a < b then branch
                                                             to L3
   32 00000040 E0400001        SUB              R0, R0, R1  ; a = a - b
   33 00000044 EAFFFFF9        B                L4          ; Branch to L4
   34 00000048 E0411000 
                       L3      SUB              R1, R1, R0  ; b = b - a
   35 0000004C EAFFFFF7        B                L4          ; Branch to L4
   36 00000050         EN2
   37 00000050         
   38 00000050         ;
   39 00000050         ;  Question 1 (iii) (0x2E or 46)
   40 00000050         ;
   41 00000050 E59F016C        LDR              R0, =4278   ; a = 4278
   42 00000054 E59F116C        LDR              R1, =8602   ; b = 8602
   43 00000058 E1500001 
                       L6      CMP              R0, R1      ; a != b
   44 0000005C 0A000005        BEQ              EN3         ; if a = b then END
                                                            
   45 00000060 E1500001        CMP              R0, R1      ; a != b
   46 00000064 DA000001        BLE              L5          ; Branch to L5
   47 00000068 E0400001        SUB              R0, R0, R1  ; a = a - b
   48 0000006C EAFFFFF9        B                L6          ; Branch to L6
   49 00000070 E0411000 



ARM Macro Assembler    Page 2 


                       L5      SUB              R1, R1, R0  ; b = b - a
   50 00000074 EAFFFFF7        B                L6          ; Branch to L6
   51 00000078         EN3
   52 00000078         
   53 00000078         ;
   54 00000078         ;  Question 1 (iv) (0x1 or 1)
   55 00000078         ;
   56 00000078 E59F014C        LDR              R0, =406    ; a = 406
   57 0000007C E59F114C        LDR              R1, =555    ; b = 555
   58 00000080 E1500001 
                       L8      CMP              R0, R1      ; a != b
   59 00000084 0A000005        BEQ              EN4         ; if a = b then END
                                                            
   60 00000088 E1500001        CMP              R0, R1      ; a != b
   61 0000008C DA000001        BLE              L7          ; Branch to L7
   62 00000090 E0400001        SUB              R0, R0, R1  ; a = a - b
   63 00000094 EAFFFFF9        B                L8          ; Branch to L8
   64 00000098 E0411000 
                       L7      SUB              R1, R1, R0  ; b = b - a
   65 0000009C EAFFFFF7        B                L8          ; Branch to L8
   66 000000A0         EN4
   67 000000A0         
   68 000000A0         ;
   69 000000A0         ; Question 2 (i) (R0 = 0xB11924E1; R1 = 0x1E8D0A40)
   70 000000A0         ;
   71 000000A0 E3A06030        MOV              R6, #48     ; n = 48
   72 000000A4 E3A00000        MOV              R0, #0      ; Fa = 0 (LS)
   73 000000A8 E3A01001        MOV              R1, #1      ; Fb = 1 (LS)
   74 000000AC E3A02000        MOV              R2, #0      ; Fa = 0 (MS)
   75 000000B0 E3A03000        MOV              R3, #0      ; Fb = 0 (MS)
   76 000000B4 E3560001 
                       ST1     CMP              R6, #1      ; n > 1
   77 000000B8 DA000007        BLE              EN5         ; if n < 1 then END
                                                            
   78 000000BC E1A05003        MOV              R5, R3      ; temp = Fb (MS)
   79 000000C0 E1A04001        MOV              R4, R1      ; temp = Fb (LS)
   80 000000C4 E0901001        ADDS             R1, R0, R1  ; Fb = Fb (LS) + Fa
                                                             (LS)
   81 000000C8 E0A23003        ADC              R3, R2, R3  ; Fb = Fa (MS) + Fb
                                                             (MS)
   82 000000CC E1A02005        MOV              R2, R5      ; Fa (LS) = temp
   83 000000D0 E1A00004        MOV              R0, R4      ; Fa (LS) = temp
   84 000000D4 E2466001        SUB              R6, R6, #1  ; n = n - 1
   85 000000D8 EAFFFFF5        B                ST1         ; Branch to ST1
   86 000000DC         EN5
   87 000000DC         
   88 000000DC         ;
   89 000000DC         ; Question 2 (ii) (R0 = 0xC7B064E2; R1 = 0x61CA20BB)
   90 000000DC         ;
   91 000000DC E3A06040        MOV              R6, #64     ; n = 64
   92 000000E0 E3A00000        MOV              R0, #0      ; Fa = 0 (LS)
   93 000000E4 E3A01001        MOV              R1, #1      ; Fb = 1 (LS)
   94 000000E8 E3A02000        MOV              R2, #0      ; Fa = 0 (MS)
   95 000000EC E3A03000        MOV              R3, #0      ; Fb = 0 (MS)
   96 000000F0 E3560001 
                       ST2     CMP              R6, #1      ; n > 1
   97 000000F4 DA000007        BLE              EN6         ; if n < 1 then END
                                                            
   98 000000F8 E1A05003        MOV              R5, R3      ; temp = Fb (MS)



ARM Macro Assembler    Page 3 


   99 000000FC E1A04001        MOV              R4, R1      ; temp = Fb (LS)
  100 00000100 E0901001        ADDS             R1, R0, R1  ; Fb = Fb (LS) + Fa
                                                             (LS)
  101 00000104 E0A23003        ADC              R3, R2, R3  ; Fb = Fa (MS) + Fb
                                                             (MS)
  102 00000108 E1A02005        MOV              R2, R5      ; Fa (LS) = temp
  103 0000010C E1A00004        MOV              R0, R4      ; Fa (LS) = temp
  104 00000110 E2466001        SUB              R6, R6, #1  ; n = n - 1
  105 00000114 EAFFFFF5        B                ST2         ; Branch to ST1
  106 00000118         EN6
  107 00000118         
  108 00000118         ;
  109 00000118         ; Question 3 SIGNED (Fn (MS) = 0x68A3DD8E; Fn (LS) = 0x6
                       1ECCFBD)
  110 00000118         ;
  111 00000118         
  112 00000118 E3A06000        MOV              R6, #0      ; n = 0  
  113 0000011C E3A00000        MOV              R0, #0      ; Fn (MS)
  114 00000120 E3A01000        MOV              R1, #0      ; Fn (LS)
  115 00000124 E3A02000        MOV              R2, #0      ; Fn - 1 (MS)
  116 00000128 E3A03000        MOV              R3, #0      ; Fn - 1 (LS)
  117 0000012C E3A04000        MOV              R4, #0      ; Fn - 2 (MS)
  118 00000130 E3A05001        MOV              R5, #1      ; Fn - 2 (LS)
  119 00000134 E3E07000        MOV              R7, #0xFFFFFFFF ; R7 = MAX (LS)
                                                            
  120 00000138 E3E08102        MOV              R8, #0x7FFFFFFF ; R8 = MAX (MS)
                                                            
  121 0000013C E2866001 
                       ST3     ADD              R6, R6, #1  ; n = n + 1
  122 00000140 E0931005        ADDS             R1, R3, R5  ; Fn (LS) = [Fn - 1
                                                             (LS)] - [Fn - 2 (L
                                                            S)]
  123 00000144 E0A20004        ADC              R0, R2, R4  ; Fn (MS) = [Fn - 1
                                                             (MS)] - [Fn - 2 (M
                                                            S)]
  124 00000148 E1A04002        MOV              R4, R2      ; Fn - 2 (MS) = Fn 
                                                            - 1 (MS)
  125 0000014C E1A05003        MOV              R5, R3      ; Fn - 2 (LS) = Fn 
                                                            - 1 (LS)
  126 00000150 E1A02000        MOV              R2, R0      ; Fn - 1 (MS) = Fn 
                                                            (MS)
  127 00000154 E1A03001        MOV              R3, R1      ; Fn - 1 (LS) = Fn 
                                                            (LS)
  128 00000158 E0579003        SUBS             R9, R7, R3  ; R9 = MAX (LS) - [
                                                            Fn - 1 (LS)]
  129 0000015C E0C8A002        SBC              R10, R8, R2 ; R10 = MAX (MS) - 
                                                            [Fn - 1 (MS)]
  130 00000160 E154000A        CMP              R4, R10     ; Max - [Fn - 1] < 
                                                            Fn - 2
  131 00000164 BAFFFFF4        BLT              ST3         ; 
  132 00000168         
  133 00000168         ;
  134 00000168         ; Question 3 UNSIGNED (Fn (MS) = 0x68A3DD8E; Fn (LS) = 0
                       x61ECCFBD)
  135 00000168         ;
  136 00000168         
  137 00000168 E3A06000        MOV              R6, #0      ; n = 0  
  138 0000016C E3A00000        MOV              R0, #0      ; Fn (MS)
  139 00000170 E3A01000        MOV              R1, #0      ; Fn (LS)



ARM Macro Assembler    Page 4 


  140 00000174 E3A02000        MOV              R2, #0      ; Fn - 1 (MS)
  141 00000178 E3A03000        MOV              R3, #0      ; Fn - 1 (LS)
  142 0000017C E3A04000        MOV              R4, #0      ; Fn - 2 (MS)
  143 00000180 E3A05001        MOV              R5, #1      ; Fn - 2 (LS)
  144 00000184 E3E07000        LDR              R7, =4294967295 ; R7 = MAX (LS)
                                                            
  145 00000188 E3E08102        LDR              R8, =2147483647 ; R8 = MAX (MS)
                                                            
  146 0000018C E2866001 
                       ST4     ADD              R6, R6, #1  ; n = n + 1
  147 00000190 E0931005        ADDS             R1, R3, R5  ; Fn (LS) = [Fn - 1
                                                             (LS)] - [Fn - 2 (L
                                                            S)]
  148 00000194 E0A20004        ADC              R0, R2, R4  ; Fn (MS) = [Fn - 1
                                                             (MS)] - [Fn - 2 (M
                                                            S)]
  149 00000198 E1A04002        MOV              R4, R2      ; Fn - 2 (MS) = Fn 
                                                            - 1 (MS)
  150 0000019C E1A05003        MOV              R5, R3      ; Fn - 2 (LS) = Fn 
                                                            - 1 (LS)
  151 000001A0 E1A02000        MOV              R2, R0      ; Fn - 1 (MS) = Fn 
                                                            (MS)
  152 000001A4 E1A03001        MOV              R3, R1      ; Fn - 1 (LS) = Fn 
                                                            (LS)
  153 000001A8 E0579003        SUBS             R9, R7, R3  ; R9 = MAX (LS) - [
                                                            Fn - 1 (LS)]
  154 000001AC E0C8A002        SBC              R10, R8, R2 ; R10 = MAX (MS) - 
                                                            [Fn - 1 (MS)]
  155 000001B0 E154000A        CMP              R4, R10     ; Max - [Fn - 1] < 
                                                            Fn - 2
  156 000001B4 BAFFFFF4        BLT              ST4         ; 
  157 000001B8         
  158 000001B8 EAFFFFFE 
                       STOP    B                STOP        ; infinite loop to 
                                                            end
  159 000001BC         
  160 000001BC                 END
              0000096F 
              00000CD9 
              000010B6 
              0000219A 
              00000196 
              0000022B 
Command Line: --debug --xref --diag_suppress=9931 --apcs=interwork --depend=.\o
bjects\lab3.d -o.\objects\lab3.o -IC:\Keil_v5\ARM\RV31\INC -IC:\Keil_v5\ARM\CMS
IS\Include -IC:\Keil_v5\ARM\INC\Philips --predefine="__EVAL SETA 1" --predefine
="__UVISION_VERSION SETA 526" --list=.\listings\lab3.lst lab3.s



ARM Macro Assembler    Page 1 Alphabetic symbol ordering
Relocatable symbols

EN1 00000028

Symbol: EN1
   Definitions
      At line 21 in file lab3.s
   Uses
      At line 14 in file lab3.s
Comment: EN1 used once
EN2 00000050

Symbol: EN2
   Definitions
      At line 36 in file lab3.s
   Uses
      At line 29 in file lab3.s
Comment: EN2 used once
EN3 00000078

Symbol: EN3
   Definitions
      At line 51 in file lab3.s
   Uses
      At line 44 in file lab3.s
Comment: EN3 used once
EN4 000000A0

Symbol: EN4
   Definitions
      At line 66 in file lab3.s
   Uses
      At line 59 in file lab3.s
Comment: EN4 used once
EN5 000000DC

Symbol: EN5
   Definitions
      At line 86 in file lab3.s
   Uses
      At line 77 in file lab3.s
Comment: EN5 used once
EN6 00000118

Symbol: EN6
   Definitions
      At line 106 in file lab3.s
   Uses
      At line 97 in file lab3.s
Comment: EN6 used once
L1 00000020

Symbol: L1
   Definitions
      At line 19 in file lab3.s
   Uses
      At line 16 in file lab3.s
Comment: L1 used once
L2 00000008

Symbol: L2



ARM Macro Assembler    Page 2 Alphabetic symbol ordering
Relocatable symbols

   Definitions
      At line 13 in file lab3.s
   Uses
      At line 18 in file lab3.s
      At line 20 in file lab3.s

L3 00000048

Symbol: L3
   Definitions
      At line 34 in file lab3.s
   Uses
      At line 31 in file lab3.s
Comment: L3 used once
L4 00000030

Symbol: L4
   Definitions
      At line 28 in file lab3.s
   Uses
      At line 33 in file lab3.s
      At line 35 in file lab3.s

L5 00000070

Symbol: L5
   Definitions
      At line 49 in file lab3.s
   Uses
      At line 46 in file lab3.s
Comment: L5 used once
L6 00000058

Symbol: L6
   Definitions
      At line 43 in file lab3.s
   Uses
      At line 48 in file lab3.s
      At line 50 in file lab3.s

L7 00000098

Symbol: L7
   Definitions
      At line 64 in file lab3.s
   Uses
      At line 61 in file lab3.s
Comment: L7 used once
L8 00000080

Symbol: L8
   Definitions
      At line 58 in file lab3.s
   Uses
      At line 63 in file lab3.s
      At line 65 in file lab3.s

RESET 00000000




ARM Macro Assembler    Page 3 Alphabetic symbol ordering
Relocatable symbols

Symbol: RESET
   Definitions
      At line 5 in file lab3.s
   Uses
      None
Comment: RESET unused
ST1 000000B4

Symbol: ST1
   Definitions
      At line 76 in file lab3.s
   Uses
      At line 85 in file lab3.s
Comment: ST1 used once
ST2 000000F0

Symbol: ST2
   Definitions
      At line 96 in file lab3.s
   Uses
      At line 105 in file lab3.s
Comment: ST2 used once
ST3 0000013C

Symbol: ST3
   Definitions
      At line 121 in file lab3.s
   Uses
      At line 131 in file lab3.s
Comment: ST3 used once
ST4 0000018C

Symbol: ST4
   Definitions
      At line 146 in file lab3.s
   Uses
      At line 156 in file lab3.s
Comment: ST4 used once
STOP 000001B8

Symbol: STOP
   Definitions
      At line 158 in file lab3.s
   Uses
      At line 158 in file lab3.s
Comment: STOP used once
20 symbols
354 symbols in table
