


ARM Macro Assembler    Page 1 


    1 00000000         ;
    2 00000000         ; CS1022 Introduction to Computing II 2018/2019
    3 00000000         ; Lab 1 - Addressing Modes
    4 00000000         ;
    5 00000000         
    6 00000000 0000000A 
                       N       EQU              10
    7 00000000         
    8 00000000                 AREA             globals, DATA, READWRITE
    9 00000000         
   10 00000000         ; N word-size values
   11 00000000         
   12 00000000 00 00 00 
              00 00 00 
              00 00 00 
              00 00 00 
              00 00 00 
              00 00 00 
              00 00 00 
              00 00 00 
              00 00 00 
              00 00 00 
              00 00 00 
              00 00 00 
              00 00 00 
              00       ARRAY   SPACE            N*4         ; N words (4 bytes 
                                                            each)
   13 00000028         
   14 00000028         
   15 00000028                 AREA             RESET, CODE, READONLY
   16 00000000                 ENTRY
   17 00000000         
   18 00000000         ; for convenience, let's initialise test array [0, 1, 2,
                        ... , N-1]
   19 00000000         
   20 00000000 E59F0044        LDR              R0, =ARRAY
   21 00000004 E3A01000        LDR              R1, =0
   22 00000008 E351000A 
                       L1      CMP              R1, #N
   23 0000000C 2A000002        BHS              L2
   24 00000010 E7801101        STR              R1, [R0, R1, LSL #2]
   25 00000014 E2811001        ADD              R1, R1, #1
   26 00000018 EAFFFFFA        B                L1
   27 0000001C         L2
   28 0000001C         
   29 0000001C         ; initialise registers for your program
   30 0000001C         
   31 0000001C E59F0028        LDR              R0, =ARRAY  ; array start addre
                                                            ss
   32 00000020 E3A0100A        LDR              R1, =N      ; size of array (ha
                                                            lf-words)
   33 00000024         
   34 00000024         ;  your program goes here
   35 00000024         
   36 00000024         
   37 00000024         ;  PART (i)
   38 00000024         
   39 00000024         
   40 00000024         ;  MOV R2,#0    ; i = 0



ARM Macro Assembler    Page 2 


   41 00000024         ;  MOV R3,R0    ; r3 = address of the array
   42 00000024         ;Fori CMP R2,R1    ; i < n
   43 00000024         ;  BHS eFori
   44 00000024         ;  LDR R4,[R3]    ; load A[i]
   45 00000024         ;  MUL R5,R4,R4   ; R5 = A[i]^2
   46 00000024         ;  STR R5,[R3]    ; A[i] = A[i]^2
   47 00000024         ;  ADD R3,R3,#4   ; R3 --> A[i+1]
   48 00000024         ;  ADD R2,R2,#1   ; i++
   49 00000024         ;  B Fori
   50 00000024         ;eFori
   51 00000024         
   52 00000024         
   53 00000024         ;  PART (ii)
   54 00000024         
   55 00000024         
   56 00000024         ;  MOV R2,#0    ; i = 0
   57 00000024         ;  MOV R3,#0    ; r3 = offset
   58 00000024         ;Fori CMP R2,R1    ; i < n
   59 00000024         ;  BHS eFori
   60 00000024         ;  LDR R4,[R0,R3]   ; load A[i]
   61 00000024         ;  MUL R5,R4,R4   ; R5 = A[i]^2
   62 00000024         ;  STR R5,[R0,R3]   ; A[i] = A[i]^2
   63 00000024         ;  ADD R3,R3,#4   ; R3 --> A[i+1]
   64 00000024         ;  ADD R2,R2,#1   ; i++
   65 00000024         ;  B Fori
   66 00000024         ;eFori
   67 00000024         
   68 00000024         
   69 00000024         ;  PART (iii)
   70 00000024         
   71 00000024         
   72 00000024         ;73 calls t=03375
   73 00000024         
   74 00000024         ;  MOV R2,#0    ; i = 0
   75 00000024         ;Fori CMP R2,R1    ; i < n
   76 00000024         ;  BHS eFori
   77 00000024         ;  LDR R4,[R0,R2,LSL#2] ; load A[i]
   78 00000024         ;  MUL R5,R4,R4   ; R5 = A[i]^2
   79 00000024         ;  STR R5,[R0,R2,LSL#2] ; A[i] = A[i]^2
   80 00000024         ;  ADD R2,R2,#1   ; i++
   81 00000024         ;  B Fori
   82 00000024         ;eFori
   83 00000024         
   84 00000024         
   85 00000024         ;  PART (iv)
   86 00000024         
   87 00000024         
   88 00000024         ;74 calls 0.000057 sec
   89 00000024         
   90 00000024 E3A02000        MOV              R2,#0       ; i = 0
   91 00000028 E1A03000        MOV              R3,R0       ; r3 = address of a
                                                            rray
   92 0000002C E1520001 
                       Fori    CMP              R2,R1       ; i < n
   93 00000030 2A000004        BHS              eFori
   94 00000034 E5934000        LDR              R4,[R3]     ; load A[i]
   95 00000038 E0050494        MUL              R5,R4,R4    ; R5 = A[i]^2
   96 0000003C E4835004        STR              R5,[R3],#4  ; A[i] = A[i]^2 and
                                                             r3-->A[i+1]



ARM Macro Assembler    Page 3 


   97 00000040 E2822001        ADD              R2,R2,#1    ; i++
   98 00000044 EAFFFFF8        B                Fori
   99 00000048         eFori
  100 00000048 EAFFFFFE 
                       STOP    B                STOP
  101 0000004C         
  102 0000004C                 END
              00000000 
Command Line: --debug --xref --diag_suppress=9931 --apcs=interwork --depend=.\o
bjects\lab1-addressing-modes.d -o.\objects\lab1-addressing-modes.o -IC:\Keil_v5
\ARM\RV31\INC -IC:\Keil_v5\ARM\CMSIS\Include -IC:\Keil_v5\ARM\INC\Philips --pre
define="__EVAL SETA 1" --predefine="__UVISION_VERSION SETA 526" --list=.\listin
gs\lab1-addressing-modes.lst lab1-addressing-modes.s



ARM Macro Assembler    Page 1 Alphabetic symbol ordering
Relocatable symbols

ARRAY 00000000

Symbol: ARRAY
   Definitions
      At line 12 in file lab1-addressing-modes.s
   Uses
      At line 20 in file lab1-addressing-modes.s
      At line 31 in file lab1-addressing-modes.s

globals 00000000

Symbol: globals
   Definitions
      At line 8 in file lab1-addressing-modes.s
   Uses
      None
Comment: globals unused
2 symbols



ARM Macro Assembler    Page 1 Alphabetic symbol ordering
Relocatable symbols

Fori 0000002C

Symbol: Fori
   Definitions
      At line 92 in file lab1-addressing-modes.s
   Uses
      At line 98 in file lab1-addressing-modes.s
Comment: Fori used once
L1 00000008

Symbol: L1
   Definitions
      At line 22 in file lab1-addressing-modes.s
   Uses
      At line 26 in file lab1-addressing-modes.s
Comment: L1 used once
L2 0000001C

Symbol: L2
   Definitions
      At line 27 in file lab1-addressing-modes.s
   Uses
      At line 23 in file lab1-addressing-modes.s
Comment: L2 used once
RESET 00000000

Symbol: RESET
   Definitions
      At line 15 in file lab1-addressing-modes.s
   Uses
      None
Comment: RESET unused
STOP 00000048

Symbol: STOP
   Definitions
      At line 100 in file lab1-addressing-modes.s
   Uses
      At line 100 in file lab1-addressing-modes.s
Comment: STOP used once
eFori 00000048

Symbol: eFori
   Definitions
      At line 99 in file lab1-addressing-modes.s
   Uses
      At line 93 in file lab1-addressing-modes.s
Comment: eFori used once
6 symbols



ARM Macro Assembler    Page 1 Alphabetic symbol ordering
Absolute symbols

N 0000000A

Symbol: N
   Definitions
      At line 6 in file lab1-addressing-modes.s
   Uses
      At line 12 in file lab1-addressing-modes.s
      At line 22 in file lab1-addressing-modes.s
      At line 32 in file lab1-addressing-modes.s

1 symbol
343 symbols in table
